#
# An unexpected error has been detected by Java Runtime Environment:
#
# java.lang.OutOfMemoryError: requested 327680 bytes for GrET in C:\build_area\jdk6_10\hotspot\src\share\vm\utilities\growableArray.cpp. Out of swap space?
#
#  Internal Error (allocation.inline.hpp:42), pid=5356, tid=5680
#  Error: GrET in C:\build_area\jdk6_10\hotspot\src\share\vm\utilities\growableArray.cpp
#
# Java VM: Java HotSpot(TM) 64-Bit Server VM (11.0-b11 mixed mode windows-amd64)
# If you would like to submit a bug report, please visit:
#   http://java.sun.com/webapps/bugreport/crash.jsp
#

---------------  T H R E A D  ---------------

Current thread (0x0000000001f6e000):  GCTaskThread [stack: 0x0000000006e70000,0x0000000006f70000] [id=5680]

Stack: [0x0000000006e70000,0x0000000006f70000]

---------------  P R O C E S S  ---------------

Java Threads: ( => current thread )
  0x0000000001f52c00 JavaThread "Low Memory Detector" daemon [_thread_blocked, id=6568, stack(0x0000000007900000,0x0000000007a00000)]
  0x0000000001f52400 JavaThread "CompilerThread1" daemon [_thread_blocked, id=8608, stack(0x0000000007800000,0x0000000007900000)]
  0x0000000001f52000 JavaThread "CompilerThread0" daemon [_thread_blocked, id=6880, stack(0x0000000007700000,0x0000000007800000)]
  0x0000000001f51800 JavaThread "Attach Listener" daemon [_thread_blocked, id=6052, stack(0x0000000007600000,0x0000000007700000)]
  0x0000000001f51000 JavaThread "Signal Dispatcher" daemon [_thread_blocked, id=9208, stack(0x0000000007500000,0x0000000007600000)]
  0x0000000001f50800 JavaThread "Finalizer" daemon [_thread_blocked, id=6012, stack(0x0000000007400000,0x0000000007500000)]
  0x0000000001f50400 JavaThread "Reference Handler" daemon [_thread_blocked, id=7416, stack(0x0000000007300000,0x0000000007400000)]
  0x0000000001f4fc00 JavaThread "main" [_thread_blocked, id=5236, stack(0x0000000001ff0000,0x00000000020f0000)]

Other Threads:
  0x0000000007287000 VMThread [stack: 0x0000000006f70000,0x0000000007070000] [id=9064]
  0x0000000007287400 WatcherThread [stack: 0x0000000007a00000,0x0000000007b00000] [id=7612]

=>0x0000000001f6e000 (exited) GCTaskThread [stack: 0x0000000006e70000,0x0000000006f70000] [id=5680]

VM state:at safepoint (normal execution)

VM Mutex/Monitor currently owned by a thread:  ([mutex/lock_event])
[0x0000000001f70610] UNKNOWN - owner thread: 0x0000000007287000
[0x0000000001f70bb0] UNKNOWN - owner thread: 0x0000000001f4fc00

Heap
 PSYoungGen      total 1283904K, used 1237159K [0x0000000194150000, 0x00000001fa6d0000, 0x000000021b7f0000)
  eden space 949952K, 100% used [0x0000000194150000,0x00000001ce100000,0x00000001ce100000)
  from space 333952K, 86% used [0x00000001ce100000,0x00000001df979e98,0x00000001e2720000)
  to   space 347264K, 43% used [0x00000001e53b0000,0x00000001ee7f30f0,0x00000001fa6d0000)
 PSOldGen        total 345408K, used 345403K [0x00000000853f0000, 0x000000009a540000, 0x0000000194150000)
  object space 345408K, 99% used [0x00000000853f0000,0x000000009a53ee00,0x000000009a540000)
 PSPermGen       total 21248K, used 5461K [0x000000007fff0000, 0x00000000814b0000, 0x00000000853f0000)
  object space 21248K, 25% used [0x000000007fff0000,0x00000000805457d0,0x00000000814b0000)

Dynamic libraries:
0x0000000000400000 - 0x000000000042e000 	C:\Program Files\Java\jre6\bin\javaw.exe
0x0000000077ec0000 - 0x0000000077ffc000 	C:\WINDOWS\system32\ntdll.dll
0x0000000077d40000 - 0x0000000077eb3000 	C:\WINDOWS\system32\kernel32.dll
0x000007ff7fee0000 - 0x000007ff7ffe6000 	C:\WINDOWS\system32\ADVAPI32.dll
0x000007ff7fd30000 - 0x000007ff7fed0000 	C:\WINDOWS\system32\RPCRT4.dll
0x000007ff7e9c0000 - 0x000007ff7e9e2000 	C:\WINDOWS\system32\Secur32.dll
0x0000000077c20000 - 0x0000000077d2c000 	C:\WINDOWS\system32\USER32.dll
0x000007ff7fc90000 - 0x000007ff7fd2c000 	C:\WINDOWS\system32\GDI32.dll
0x000007ff7d500000 - 0x000007ff7d539000 	C:\WINDOWS\system32\IMM32.DLL
0x000000006fa00000 - 0x000000006fa3f000 	c:\PROGRA~2\Sophos\SOPHOS~1\SOPHOS~2.DLL
0x000007ff7e380000 - 0x000007ff7e390000 	C:\WINDOWS\system32\PSAPI.DLL
0x000000006d680000 - 0x000000006dc37000 	C:\Program Files\Java\jre6\bin\server\jvm.dll
0x000007ff7e240000 - 0x000007ff7e290000 	C:\WINDOWS\system32\WINMM.dll
0x000007ff7fc00000 - 0x000007ff7fc86000 	C:\WINDOWS\system32\msvcrt.dll
0x000000006d2b0000 - 0x000000006d2ba000 	C:\Program Files\Java\jre6\bin\hpi.dll
0x000000006d640000 - 0x000000006d64e000 	C:\Program Files\Java\jre6\bin\verify.dll
0x000000006d350000 - 0x000000006d377000 	C:\Program Files\Java\jre6\bin\java.dll
0x000000006d660000 - 0x000000006d672000 	C:\Program Files\Java\jre6\bin\zip.dll

VM Arguments:
jvm_args: -Xmx6500M -Dfile.encoding=Cp1252 
java_command: org.Spectrums.SWATHMSPLITSearch
Launcher Type: SUN_STANDARD

Environment Variables:
CLASSPATH=.;C:\Program Files (x86)\Java\jre1.6.0_06\lib\ext\QTJava.zip
PATH=C:/Program Files (x86)/Java/jre6/bin/client;C:/Program Files (x86)/Java/jre6/bin;C:\Perl64\site\bin;C:\Perl64\bin;C:\Inetpub\tpp-bin;C:\WINDOWS\system32;C:\WINDOWS;C:\WINDOWS\System32\Wbem;C:\Program Files (x86)\Common Files\Roxio Shared\DLLShared\;C:\Program Files (x86)\Common Files\Roxio Shared\9.0\DLLShared\;C:\Program Files\Java\jdk1.6.0_06\bin;C:\Program Files (x86)\Java\jdk1.6.0_06\jre\bin;C:\Program Files (x86)\Java\jdk1.6.0_06\bin;C:\MATLAB7\bin\win32;C:\Documents and Settings\Jian Wang\workspace\JDock\external\blast-2.2.18\bin;C:\Documents and Settings\Jian Wang\workspace\JDock\external\muscle3.6;C:\Program Files (x86)\Common Files\Adobe\AGL;C:\Program Files (x86)\QuickTime\QTSystem\;C:\Program Files (x86)\Graphviz2.26.3\bin;C:\Program Files\OpenMS-1.9\bin;C:\Program Files\OpenMS-1.9\share\OpenMS\THIRDPARTY\pwiz-bin;C:\Program Files (x86)\SSH Communications Security\SSH Secure Shell
USERNAME=Jian Wang
OS=Windows_NT
PROCESSOR_IDENTIFIER=EM64T Family 6 Model 23 Stepping 6, GenuineIntel



---------------  S Y S T E M  ---------------

OS: Windows Server 2003 family Build 3790 Service Pack 2

CPU:total 8 (4 cores per cpu, 1 threads per core) family 6 model 7 stepping 6, cmov, cx8, fxsr, mmx, sse, sse2, sse3, ssse3

Memory: 4k page, physical 10483028k(24380k free), swap 14191784k(5204k free)

vm_info: Java HotSpot(TM) 64-Bit Server VM (11.0-b11) for windows-amd64 JRE (1.6.0_10-beta-b23), built on May  1 2008 08:17:19 by "java_re" with MS VC++ 8.0

time: Mon Jul 23 11:06:38 2012
elapsed time: 962 seconds

