#
# An unexpected error has been detected by Java Runtime Environment:
#
# java.lang.OutOfMemoryError: requested 5242880 bytes for GrET in C:\BUILD_AREA\jdk6_06\hotspot\src\share\vm\utilities\growableArray.cpp. Out of swap space?
#
#  Internal Error (allocation.inline.hpp:42), pid=5916, tid=2796
#  Error: GrET in C:\BUILD_AREA\jdk6_06\hotspot\src\share\vm\utilities\growableArray.cpp
#
# Java VM: Java HotSpot(TM) Client VM (10.0-b22 mixed mode windows-x86)
# If you would like to submit a bug report, please visit:
#   http://java.sun.com/webapps/bugreport/crash.jsp
#

---------------  T H R E A D  ---------------

Current thread (0x03f70c00):  VMThread [stack: 0x04000000,0x04050000] [id=2796]

Stack: [0x04000000,0x04050000]
[error occurred during error reporting (printing stack bounds), id 0xc0000005]

VM_Operation (0x01b9f848): GenCollectForAllocation, mode: safepoint, requested by thread 0x003b6400


---------------  P R O C E S S  ---------------

Java Threads: ( => current thread )
  0x03f8e800 JavaThread "Low Memory Detector" daemon [_thread_blocked, id=6480, stack(0x04360000,0x043b0000)]
  0x03f89c00 JavaThread "CompilerThread0" daemon [_thread_blocked, id=5564, stack(0x042d0000,0x04320000)]
  0x03f88c00 JavaThread "Attach Listener" daemon [_thread_blocked, id=6352, stack(0x04240000,0x04290000)]
  0x03f87c00 JavaThread "Signal Dispatcher" daemon [_thread_blocked, id=880, stack(0x041b0000,0x04200000)]
  0x03f76400 JavaThread "Finalizer" daemon [_thread_blocked, id=7048, stack(0x04120000,0x04170000)]
  0x03f75800 JavaThread "Reference Handler" daemon [_thread_blocked, id=5136, stack(0x04090000,0x040e0000)]
  0x003b6400 JavaThread "main" [_thread_blocked, id=6816, stack(0x01b50000,0x01ba0000)]

Other Threads:
=>0x03f70c00 VMThread [stack: 0x04000000,0x04050000] [id=2796]
  0x03fa1400 WatcherThread [stack: 0x043f0000,0x04440000] [id=6380]

VM state:at safepoint (normal execution)

VM Mutex/Monitor currently owned by a thread:  ([mutex/lock_event])
[0x003b5c08/0x000026e8] Threads_lock - owner thread: 0x03f70c00
[0x003b5da8/0x000026a8] Heap_lock - owner thread: 0x003b6400

Heap
 def new generation   total 7936K, used 831K [0x10010000, 0x108a0000, 0x12e30000)
  eden space 7104K,   0% used [0x10010000, 0x10010000, 0x10700000)
  from space 832K,  99% used [0x10700000, 0x107cfff8, 0x107d0000)
  to   space 832K,   0% used [0x107d0000, 0x107d0000, 0x108a0000)
 tenured generation   total 105732K, used 105700K [0x12e30000, 0x19571000, 0x35810000)
   the space 105732K,  99% used [0x12e30000, 0x195693a8, 0x19569400, 0x19571000)
 compacting perm gen  total 12288K, used 3406K [0x35810000, 0x36410000, 0x39810000)
   the space 12288K,  27% used [0x35810000, 0x35b63810, 0x35b63a00, 0x36410000)
No shared spaces configured.

Dynamic libraries:
0x00400000 - 0x00423000 	C:\Program Files (x86)\Java\jre1.6.0_06\bin\javaw.exe
0x7d600000 - 0x7d6f0000 	C:\WINDOWS\system32\ntdll.dll
0x7d4c0000 - 0x7d5f0000 	C:\WINDOWS\syswow64\kernel32.dll
0x7d1e0000 - 0x7d27c000 	C:\WINDOWS\syswow64\ADVAPI32.dll
0x7da20000 - 0x7db00000 	C:\WINDOWS\syswow64\RPCRT4.dll
0x7d8d0000 - 0x7d920000 	C:\WINDOWS\syswow64\Secur32.dll
0x7d930000 - 0x7da00000 	C:\WINDOWS\syswow64\USER32.dll
0x7d800000 - 0x7d890000 	C:\WINDOWS\syswow64\GDI32.dll
0x7dee0000 - 0x7df50000 	C:\WINDOWS\system32\IMM32.DLL
0x10000000 - 0x1000a000 	C:\WINDOWS\system32\msphstcnjhm.dll
0x77ba0000 - 0x77bfa000 	C:\WINDOWS\syswow64\MSVCRT.dll
0x6fa00000 - 0x6fa35000 	c:\PROGRA~2\Sophos\SOPHOS~1\SOPHOS~1.DLL
0x76b70000 - 0x76b7b000 	C:\WINDOWS\system32\PSAPI.DLL
0x7c340000 - 0x7c396000 	C:\Program Files (x86)\Java\jre1.6.0_06\bin\msvcr71.dll
0x6d7c0000 - 0x6da10000 	C:\Program Files (x86)\Java\jre1.6.0_06\bin\client\jvm.dll
0x76aa0000 - 0x76acd000 	C:\WINDOWS\system32\WINMM.dll
0x6d270000 - 0x6d278000 	C:\Program Files (x86)\Java\jre1.6.0_06\bin\hpi.dll
0x6d770000 - 0x6d77c000 	C:\Program Files (x86)\Java\jre1.6.0_06\bin\verify.dll
0x6d310000 - 0x6d32f000 	C:\Program Files (x86)\Java\jre1.6.0_06\bin\java.dll
0x6d7b0000 - 0x6d7bf000 	C:\Program Files (x86)\Java\jre1.6.0_06\bin\zip.dll

VM Arguments:
jvm_args: -Xmx600M -Dfile.encoding=Cp1252 
java_command: org.Spectrums.SpectrumUtil
Launcher Type: SUN_STANDARD

Environment Variables:
CLASSPATH=.;C:\Program Files (x86)\Java\jre1.6.0_06\lib\ext\QTJava.zip
PATH=C:/Program Files (x86)/Java/jre6/bin/client;C:/Program Files (x86)/Java/jre6/bin;C:\Perl64\site\bin;C:\Perl64\bin;C:\Inetpub\tpp-bin;C:\WINDOWS\system32;C:\WINDOWS;C:\WINDOWS\System32\Wbem;C:\Program Files (x86)\Common Files\Roxio Shared\DLLShared\;C:\Program Files (x86)\Common Files\Roxio Shared\9.0\DLLShared\;C:\Program Files\Java\jdk1.6.0_06\bin;C:\Program Files (x86)\Java\jdk1.6.0_06\jre\bin;C:\Program Files (x86)\Java\jdk1.6.0_06\bin;C:\MATLAB7\bin\win32;C:\Documents and Settings\Jian Wang\workspace\JDock\external\blast-2.2.18\bin;C:\Documents and Settings\Jian Wang\workspace\JDock\external\muscle3.6;C:\Program Files (x86)\Common Files\Adobe\AGL;C:\Program Files\OpenMS-1.6_64\bin;C:\Program Files (x86)\QuickTime\QTSystem\
USERNAME=Jian Wang
OS=Windows_NT
PROCESSOR_IDENTIFIER=EM64T Family 6 Model 23 Stepping 6, GenuineIntel



---------------  S Y S T E M  ---------------

OS: Windows Server 2003 family Build 3790 Service Pack 2

CPU:total 8 (4 cores per cpu, 1 threads per core) family 6 model 7 stepping 6, cmov, cx8, fxsr, mmx, sse, sse2, sse3, ssse3

Memory: 4k page, physical 4194303k(134464k free), swap 4194303k(7564k free)

vm_info: Java HotSpot(TM) Client VM (10.0-b22) for windows-x86 JRE (1.6.0_06-b02), built on Mar 25 2008 01:22:05 by "java_re" with MS VC++ 7.1

time: Mon Feb 28 15:52:23 2011
elapsed time: 23 seconds

